<?xml version="1.0" encoding="UTF-8"?>
<!-- Generated by org.testng.reporters.JUnitReportReporter -->
<testsuite hostname="DESKTOP-5IVSICI" name="test.Basics" tests="1" failures="0" timestamp="4 Jul 2020 18:52:44 GMT" time="28.422" errors="0">
  <testcase name="demoTests" time="28.422" classname="test.Basics"/>
</testsuite> <!-- test.Basics -->
