<?xml version="1.0" encoding="UTF-8"?>
<!-- Generated by org.testng.reporters.JUnitReportReporter -->
<testsuite hostname="DESKTOP-5IVSICI" name="test.Basics" tests="1" failures="1" timestamp="3 Jul 2020 04:32:00 GMT" time="27.879" errors="0">
  <testcase name="demoTests" time="27.879" classname="test.Basics">
    <failure type="org.openqa.selenium.WebDriverException" message="An unknown server-side error occurred while processing the command. Original error: Could not proxy command to remote server. Original error: Error: socket hang up
Build info: version: &#039;3.4.0&#039;, revision: &#039;unknown&#039;, time: &#039;unknown&#039;
System info: host: &#039;DESKTOP-5IVSICI&#039;, ip: &#039;192.168.1.4&#039;, os.name: &#039;Windows 10&#039;, os.arch: &#039;amd64&#039;, os.version: &#039;10.0&#039;, java.version: &#039;1.8.0_162&#039;
Driver info: io.appium.java_client.android.AndroidDriver
Capabilities [{appPackage=io.appium.android.apis, statBarHeight=66.0, viewportRect={top=66.0, left=0.0, width=1080.0, height=1962.0}, deviceName=emulator-5554, platform=LINUX, deviceUDID=emulator-5554, desired={app=C:\Users\Malempati Parvathi\Desktop\original\Appium_Testing_Practice\src\main\java\ApiDemos-debug.apk, automationName=uiautomator2, platformName=Android, deviceName=AVIPie, version=9.0}, platformVersion=9, webStorageEnabled=false, automationName=uiautomator2, takesScreenshot=true, javascriptEnabled=true, platformName=Android, deviceApiLevel=28.0, deviceManufacturer=Google, app=C:\Users\Malempati Parvathi\Desktop\original\Appium_Testing_Practice\src\main\java\ApiDemos-debug.apk, deviceScreenSize=1080x2160, networkConnectionEnabled=true, warnings={}, databaseEnabled=false, version=9.0, pixelRatio=2.75, locationContextEnabled=false, deviceScreenDensity=440.0, deviceModel=AOSP on IA Emulator}]
Session ID: 6b8097be-a2f6-4e84-bdec-0f2f6ed28450
*** Element info: {Using=xpath, value=//android.widget.CheckBox[@id=&#039;android:id/checkbox&#039;]}">
      <![CDATA[org.openqa.selenium.WebDriverException: An unknown server-side error occurred while processing the command. Original error: Could not proxy command to remote server. Original error: Error: socket hang up
Build info: version: '3.4.0', revision: 'unknown', time: 'unknown'
System info: host: 'DESKTOP-5IVSICI', ip: '192.168.1.4', os.name: 'Windows 10', os.arch: 'amd64', os.version: '10.0', java.version: '1.8.0_162'
Driver info: io.appium.java_client.android.AndroidDriver
Capabilities [{appPackage=io.appium.android.apis, statBarHeight=66.0, viewportRect={top=66.0, left=0.0, width=1080.0, height=1962.0}, deviceName=emulator-5554, platform=LINUX, deviceUDID=emulator-5554, desired={app=C:\Users\Malempati Parvathi\Desktop\original\Appium_Testing_Practice\src\main\java\ApiDemos-debug.apk, automationName=uiautomator2, platformName=Android, deviceName=AVIPie, version=9.0}, platformVersion=9, webStorageEnabled=false, automationName=uiautomator2, takesScreenshot=true, javascriptEnabled=true, platformName=Android, deviceApiLevel=28.0, deviceManufacturer=Google, app=C:\Users\Malempati Parvathi\Desktop\original\Appium_Testing_Practice\src\main\java\ApiDemos-debug.apk, deviceScreenSize=1080x2160, networkConnectionEnabled=true, warnings={}, databaseEnabled=false, version=9.0, pixelRatio=2.75, locationContextEnabled=false, deviceScreenDensity=440.0, deviceModel=AOSP on IA Emulator}]
Session ID: 6b8097be-a2f6-4e84-bdec-0f2f6ed28450
*** Element info: {Using=xpath, value=//android.widget.CheckBox[@id='android:id/checkbox']}
	at sun.reflect.NativeConstructorAccessorImpl.newInstance0(Native Method)
	at sun.reflect.NativeConstructorAccessorImpl.newInstance(NativeConstructorAccessorImpl.java:62)
	at sun.reflect.DelegatingConstructorAccessorImpl.newInstance(DelegatingConstructorAccessorImpl.java:45)
	at java.lang.reflect.Constructor.newInstance(Constructor.java:423)
	at org.openqa.selenium.remote.http.W3CHttpResponseCodec.createException(W3CHttpResponseCodec.java:150)
	at org.openqa.selenium.remote.http.W3CHttpResponseCodec.decode(W3CHttpResponseCodec.java:115)
	at org.openqa.selenium.remote.http.W3CHttpResponseCodec.decode(W3CHttpResponseCodec.java:45)
	at org.openqa.selenium.remote.HttpCommandExecutor.execute(HttpCommandExecutor.java:164)
	at io.appium.java_client.remote.AppiumCommandExecutor.execute(AppiumCommandExecutor.java:52)
	at org.openqa.selenium.remote.RemoteWebDriver.execute(RemoteWebDriver.java:637)
	at io.appium.java_client.DefaultGenericMobileDriver.execute(DefaultGenericMobileDriver.java:42)
	at io.appium.java_client.AppiumDriver.execute(AppiumDriver.java:1)
	at io.appium.java_client.android.AndroidDriver.execute(AndroidDriver.java:1)
	at org.openqa.selenium.remote.RemoteWebDriver.findElement(RemoteWebDriver.java:410)
	at org.openqa.selenium.remote.RemoteWebDriver.findElementByXPath(RemoteWebDriver.java:509)
	at io.appium.java_client.DefaultGenericMobileDriver.findElementByXPath(DefaultGenericMobileDriver.java:132)
	at io.appium.java_client.AppiumDriver.findElementByXPath(AppiumDriver.java:1)
	at io.appium.java_client.android.AndroidDriver.findElementByXPath(AndroidDriver.java:1)
	at test.Basics.demoTests(Basics.java:19)
	at sun.reflect.NativeMethodAccessorImpl.invoke0(Native Method)
	at sun.reflect.NativeMethodAccessorImpl.invoke(NativeMethodAccessorImpl.java:62)
	at sun.reflect.DelegatingMethodAccessorImpl.invoke(DelegatingMethodAccessorImpl.java:43)
	at java.lang.reflect.Method.invoke(Method.java:498)
	at org.testng.internal.MethodInvocationHelper.invokeMethod(MethodInvocationHelper.java:84)
	at org.testng.internal.Invoker.invokeMethod(Invoker.java:714)
	at org.testng.internal.Invoker.invokeTestMethod(Invoker.java:901)
	at org.testng.internal.Invoker.invokeTestMethods(Invoker.java:1231)
	at org.testng.internal.TestMethodWorker.invokeTestMethods(TestMethodWorker.java:127)
	at org.testng.internal.TestMethodWorker.run(TestMethodWorker.java:111)
	at org.testng.TestRunner.privateRun(TestRunner.java:767)
	at org.testng.TestRunner.run(TestRunner.java:617)
	at org.testng.SuiteRunner.runTest(SuiteRunner.java:334)
	at org.testng.SuiteRunner.runSequentially(SuiteRunner.java:329)
	at org.testng.SuiteRunner.privateRun(SuiteRunner.java:291)
	at org.testng.SuiteRunner.run(SuiteRunner.java:240)
	at org.testng.SuiteRunnerWorker.runSuite(SuiteRunnerWorker.java:52)
	at org.testng.SuiteRunnerWorker.run(SuiteRunnerWorker.java:86)
	at org.testng.TestNG.runSuitesSequentially(TestNG.java:1224)
	at org.testng.TestNG.runSuitesLocally(TestNG.java:1149)
	at org.testng.TestNG.run(TestNG.java:1057)
	at org.testng.remote.AbstractRemoteTestNG.run(AbstractRemoteTestNG.java:115)
	at org.testng.remote.RemoteTestNG.initAndRun(RemoteTestNG.java:251)
	at org.testng.remote.RemoteTestNG.main(RemoteTestNG.java:77)
]]>
    </failure>
  </testcase> <!-- demoTests -->
</testsuite> <!-- test.Basics -->
